<?xml version="1.0" encoding="UTF-8"?>
<testsuite name="AddPlayerAcceptanceTest" tests="1" skipped="0" failures="0" errors="0" timestamp="2021-05-21T09:12:02" hostname="FR-LAP00639.local" time="0.009">
  <properties/>
  <testcase name="add players()" classname="AddPlayerAcceptanceTest" time="0.009"/>
  <system-out><![CDATA[]]></system-out>
  <system-err><![CDATA[]]></system-err>
</testsuite>
