<?xml version="1.0" encoding="UTF-8"?>
<testsuite name="GooseGameAppTest" tests="2" skipped="0" failures="0" errors="0" timestamp="2021-05-21T09:12:01" hostname="FR-LAP00639.local" time="0.63">
  <properties/>
  <testcase name="add two player()" classname="GooseGameAppTest" time="0.626"/>
  <testcase name="add player()" classname="GooseGameAppTest" time="0.003"/>
  <system-out><![CDATA[]]></system-out>
  <system-err><![CDATA[]]></system-err>
</testsuite>
